============================= test session starts ==============================
platform linux -- Python 3.10.9, pytest-7.1.2, pluggy-1.0.0
rootdir: /home/harrison/ground-up-ml
collected 6 items

groundupml/test/utils_test.py .....F                                     [100%]

=================================== FAILURES ===================================
__________________________ test_poisson[1-5-0.00306] ___________________________

lmda = 1, k = 5, expected = 0.00306

    @pytest.mark.parametrize("lmda,k,expected", test_poisson_input)
    def test_poisson(lmda, k, expected):
>       assert distributions.poisson(lmda, k) == pytest.approx(expected, rel=1e-3)
E       assert 0.0030656620097620196 == 0.00306 ± 3.1e-06
E         comparison failed
E         Obtained: 0.0030656620097620196
E         Expected: 0.00306 ± 3.1e-06

groundupml/test/utils_test.py:17: AssertionError
=========================== short test summary info ============================
FAILED groundupml/test/utils_test.py::test_poisson[1-5-0.00306] - assert 0.00...
========================= 1 failed, 5 passed in 0.10s ==========================
